<?xml version="1.0" encoding="UTF-8"?>
<!-- Generated by org.testng.reporters.JUnitXMLReporter -->
<testsuite hostname="SKY-20161021EAO" name="搜索" tests="1" failures="1" timestamp="27 Dec 2016 01:48:40 GMT" time="28.98" errors="0">
  <testcase name="searchDemo1" time="9.975" classname="com.hjianhui.appiumautotest.testcases.search.SearchPage_001_SearchDemo_Test">
    <failure type="java.lang.AssertionError" message="没有这个context:WEBVIEW_com.microsoft.bing">
      <![CDATA[java.lang.AssertionError: 没有这个context:WEBVIEW_com.microsoft.bing
	at com.hjianhui.appiumautotest.utils.AppiumUtil.switchWebview(AppiumUtil.java:394)
	at com.hjianhui.appiumautotest.pageshelper.SearchWebviewPageHelper.enterWebview(SearchWebviewPageHelper.java:19)
	at com.hjianhui.appiumautotest.testcases.search.SearchPage_001_SearchDemo_Test.searchDemo1(SearchPage_001_SearchDemo_Test.java:35)
	at java.util.concurrent.FutureTask.run(Unknown Source)
	at java.util.concurrent.ThreadPoolExecutor.runWorker(Unknown Source)
	at java.util.concurrent.ThreadPoolExecutor$Worker.run(Unknown Source)
	at java.lang.Thread.run(Unknown Source)
Caused by: io.appium.java_client.NoSuchContextException: No such context found. (WARNING: The server did not provide any stacktrace information)
Command duration or timeout: 101 milliseconds
Build info: version: '2.52.0', revision: '4c2593cfc3689a7fcd7be52549167e5ccc93ad28', time: '2016-02-11 11:22:43'
System info: host: 'SKY-20161021EAO', ip: '192.168.56.1', os.name: 'Windows 7', os.arch: 'amd64', os.version: '6.1', java.version: '1.8.0_101'
Driver info: io.appium.java_client.android.AndroidDriver
Capabilities [{app=G:\eclipseworkspace\AppiumDataDriven\res\app\android\bing.apk, appPackage=com.microsoft.bing, networkConnectionEnabled=true, noReset=true, warnings={}, databaseEnabled=false, deviceName=17d6d0eb, platform=LINUX, appActivity=com.microsoft.clients.bing.app.MainActivity, desired={app=G:\eclipseworkspace\AppiumDataDriven\res\app\android\bing.apk, appPackage=com.microsoft.bing, appActivity=com.microsoft.clients.bing.app.MainActivity, noReset=true, platformVersion=4.4.4, automationName=Appium, sessionOverride=true, unicodeKeyboard=true, platformName=Android, deviceName=appium-test-avd, resetKeyboard=true}, platformVersion=5.0.1, webStorageEnabled=false, locationContextEnabled=false, automationName=Appium, browserName=Android, takesScreenshot=true, javascriptEnabled=true, sessionOverride=true, unicodeKeyboard=true, platformName=Android, resetKeyboard=true}]
Session ID: cf5cf75c-4685-4d53-b557-7d5b37232e14
	at org.openqa.selenium.remote.ErrorHandler.createThrowable(ErrorHandler.java:206)
	at org.openqa.selenium.remote.ErrorHandler.throwIfResponseFailed(ErrorHandler.java:158)
	at org.openqa.selenium.remote.RemoteWebDriver.execute(RemoteWebDriver.java:678)
	at io.appium.java_client.DefaultGenericMobileDriver.execute(DefaultGenericMobileDriver.java:43)
	at io.appium.java_client.AppiumDriver.execute(AppiumDriver.java:1)
	at io.appium.java_client.android.AndroidDriver.execute(AndroidDriver.java:1)
	at io.appium.java_client.AppiumDriver.context(AppiumDriver.java:545)
	at com.hjianhui.appiumautotest.utils.AppiumUtil.switchWebview(AppiumUtil.java:391)
	... 22 more
... Removed 21 stack frames]]>
    </failure>
  </testcase> <!-- searchDemo1 -->
</testsuite> <!-- 搜索 -->
